This is pdfTeX, Version 3.14159265-2.6-1.40.19 (TeX Live 2018) (preloaded format=pdflatex 2019.1.4)  22 SEP 2019 10:58
entering extended mode
 restricted \write18 enabled.
 file:line:error style messages enabled.
 %&-line parsing enabled.
**bookdown.tex
(./bookdown.tex
LaTeX2e <2018-04-01> patch level 2
Babel <3.18> and hyphenation patterns for 84 language(s) loaded.

! LaTeX Error: File `krantz.cls' not found.

Type X to quit or <RETURN> to proceed,
or enter new name. (Default extension: cls)

Enter file name: 
./bookdown.tex:6: Emergency stop.
<read *> 
         
l.6 \usepackage
               {lmodern}^^M
End of file on the terminal!

 
Here is how much of TeX's memory you used:
 13 strings out of 492649
 225 string characters out of 6129623
 56400 words of memory out of 5000000
 3994 multiletter control sequences out of 15000+600000
 3640 words of font info for 14 fonts, out of 8000000 for 9000
 1141 hyphenation exceptions out of 8191
 10i,0n,8p,117b,8s stack positions out of 5000i,500n,10000p,200000b,80000s
./bookdown.tex:6:  ==> Fatal error occurred, no output PDF file produced!
